<?xml version="1.0" encoding="UTF-8"?>
<testng-results ignored="0" total="0" passed="0" failed="0" skipped="0">
  <reporter-output>
  </reporter-output>
  <suite started-at="2021-05-25T12:03:02 IST" name="helloworld_yash.TestHelloWorld" finished-at="2021-05-25T12:03:02 IST" duration-ms="3">
    <groups>
    </groups>
    <test started-at="2021-05-25T12:03:02 IST" name="Command line test" finished-at="2021-05-25T12:03:02 IST" duration-ms="3">
    </test> <!-- Command line test -->
  </suite> <!-- helloworld_yash.TestHelloWorld -->
</testng-results>
